<?xml version="1.0" encoding="UTF-8"?>
<!-- Generated by org.testng.reporters.JUnitReportReporter -->
<testsuite hostname="DESKTOP-5A7ANQT" failures="0" tests="1" name="TestCase1.RegistrationPageTest" time="7.974" errors="0" timestamp="2024-03-25T11:17:30 IST" skipped="0">
  <testcase classname="TestCase1.RegistrationPageTest" name="testRegistration" time="7.974"/>
</testsuite> <!-- TestCase1.RegistrationPageTest -->
