<?xml version="1.0" encoding="UTF-8"?>
<!-- Generated by org.testng.reporters.JUnitReportReporter -->
<testsuite hostname="DESKTOP-5A7ANQT" failures="0" tests="2" name="TestCase1.LoginPageTest" time="3.685" errors="0" timestamp="2024-03-25T11:17:30 IST" skipped="0">
  <testcase classname="TestCase1.LoginPageTest" name="testLogin" time="2.027"/>
  <testcase classname="TestCase1.LoginPageTest" name="testLogin" time="1.658"/>
</testsuite> <!-- TestCase1.LoginPageTest -->
